<?xml version="1.0" encoding="UTF-8"?>
<testsuite xmlns:xsi="http://www.w3.org/2001/XMLSchema-instance" xsi:noNamespaceSchemaLocation="https://maven.apache.org/surefire/maven-surefire-plugin/xsd/surefire-test-report.xsd" name="mk.ukim.finki.wp.eshop.EShopApplicationTests" time="8.673" tests="3" errors="0" skipped="0" failures="0">
  <properties>
[...]
</properties>
  <testcase name="testGetProducts" classname="mk.ukim.finki.wp.eshop.EShopApplicationTests" time="1.117"/>
  <testcase name="contextLoads" classname="mk.ukim.finki.wp.eshop.EShopApplicationTests" time="0.009"/>
  <testcase name="testDeleteProduct" classname="mk.ukim.finki.wp.eshop.EShopApplicationTests" time="0.077"/>
</testsuite>